1693785738498	geckodriver	INFO	Listening on 127.0.0.1:34257
1693785739033	mozrunner::runner	INFO	Running command: "/usr/bin/firefox" "--marionette" "--headless" "--remote-debugging-port" "50957" "--remote-allow-hosts" "localhost" "-no-remote" "-profile" "/tmp/rust_mozprofilerf8RO8"
*** You are running in headless mode.
console.warn: services.settings: Ignoring preference override of remote settings server
console.warn: services.settings: Allow by setting MOZ_REMOTE_SETTINGS_DEVTOOLS=1 in the environment
1693785739276	Marionette	INFO	Marionette enabled
1693785739325	Marionette	INFO	Listening on port 46431
WebDriver BiDi listening on ws://127.0.0.1:50957
Read port: 46431
1693785739442	RemoteAgent	WARN	TLS certificate errors will be ignored for this session
[GFX1-]: RenderCompositorSWGL failed mapping default framebuffer, no dt
console.error: ({})
DevTools listening on ws://127.0.0.1:50957/devtools/browser/6eec7a01-1054-4711-b6ac-b9069f89df67
JavaScript warning: https://y99.in/web/static/js/app.bd7bae4c24d6043e9ffa.js, line 1: WEBGL_debug_renderer_info is deprecated in Firefox and will be removed. Please use RENDERER.
console.warn: services.settings: Ignoring preference override of remote settings server
console.warn: services.settings: Allow by setting MOZ_REMOTE_SETTINGS_DEVTOOLS=1 in the environment
console.error: (new TypeError("lazy.AsyncShutdown.profileBeforeChange is undefined", "resource://services-settings/Database.sys.mjs", 597))
JavaScript warning: https://y99.in/web/static/js/app.bd7bae4c24d6043e9ffa.js, line 1: WEBGL_debug_renderer_info is deprecated in Firefox and will be removed. Please use RENDERER.
JavaScript warning: https://y99.in/web/static/js/app.bd7bae4c24d6043e9ffa.js, line 1: WEBGL_debug_renderer_info is deprecated in Firefox and will be removed. Please use RENDERER.
1693785747521	Marionette	WARN	TimedPromise timed out after 500 ms: stacktrace:
TimedPromise/<@chrome://remote/content/marionette/sync.sys.mjs:221:24
TimedPromise@chrome://remote/content/marionette/sync.sys.mjs:205:10
interaction.flushEventLoop@chrome://remote/content/marionette/interaction.sys.mjs:431:10
webdriverClickElement@chrome://remote/content/marionette/interaction.sys.mjs:180:31
console.warn: LoginRecipes: "Falling back to a synchronous message for: https://y99.in."
JavaScript warning: https://pagead2.googlesyndication.com/bg/QWzZRjgqb53KCPJmDiPDE6lnZUdFGzmO3KDfy6MXCng.js line 2 > eval line 6162 > eval line 1 > eval line 1 > eval, line 1: WEBGL_debug_renderer_info is deprecated in Firefox and will be removed. Please use RENDERER.
JavaScript warning: https://www.googletagservices.com/activeview/js/current/rx_lidar.js?cache=r20110914, line 175: Script terminated by timeout at:
Bj@https://www.googletagservices.com/activeview/js/current/rx_lidar.js?cache=r20110914:175:261
Lk.prototype.Qd@https://www.googletagservices.com/activeview/js/current/rx_lidar.js?cache=r20110914:198:321
If@https://www.googletagservices.com/activeview/js/current/rx_lidar.js?cache=r20110914:118:1093
Hf.prototype.T@https://www.googletagservices.com/activeview/js/current/rx_lidar.js?cache=r20110914:118:859
he.prototype.T@https://www.googletagservices.com/activeview/js/current/rx_lidar.js?cache=r20110914:104:780
ml/</<@https://www.googletagservices.com/activeview/js/current/rx_lidar.js?cache=r20110914:212:376
ml/<@https://www.googletagservices.com/activeview/js/current/rx_lidar.js?cache=r20110914:212:354
Kc.prototype.m@https://www.googletagservices.com/activeview/js/current/rx_lidar.js?cache=r20110914:85:513
m.next@https://www.googletagservices.com/activeview/js/current/rx_lidar.js?cache=r20110914:72:859
m.m@https://www.googletagservices.com/activeview/js/current/rx_lidar.js?cache=r20110914:73:223
m.next@https://www.googletagservices.com/activeview/js/current/rx_lidar.js?cache=r20110914:72:859
m.next@https://www.googletagservices.com/activeview/js/current/rx_lidar.js?cache=r20110914:78:916
m.oh@https://www.googletagservices.com/activeview/js/current/rx_lidar.js?cache=r20110914:80:1883
m.m@https://www.googletagservices.com/activeview/js/current/rx_lidar.js?cache=r20110914:73:223
m.next@https://www.googletagservices.com/activeview/js/current/rx_lidar.js?cache=r20110914:72:859
m.m@https://www.googletagservices.com/activeview/js/current/rx_lidar.js?cache=r20110914:73:223
m.next@https://www.googletagservices.com/activeview/js/current/rx_lidar.js?cache=r20110914:72:859
m.next@https://www.googletagservices.com/activeview/js/current/rx_lidar.js?cache=r20110914:78:916
m.oh@https://www.googletagservices.com/activeview/js/current/rx_lidar.js?cache=r20110914:80:1883
m.m@https://www.googletagservices.com/activeview/js/current/rx_lidar.js?cache=r20110914:73:223
m.next@https://www.googletagservices.com/activeview/js/current/rx_lidar.js?cache=r20110914:72:859
m.m@https://www.googletagservices.com/activeview/js/current/rx_lidar.js?cache=r20110914:73:223
m.next@https://www.googletagservices.com/activeview/js/current/rx_lidar.js?cache=r20110914:72:859
m.next@https://www.googletagservices.com/activeview/js/current/rx_lidar.js?cache=r20110914:78:916
m.oh@https://www.googletagservices.com/activeview/js/current/rx_lidar.js?cache=r20110914:80:1883
m.m@https://www.googletagservices.com/activeview/js/current/rx_lidar.js?cache=r20110914:73:223
m.next@https://www.googletagservices.com/activeview/js/current/rx_lidar.js?cache=r20110914:72:859
m.m@https://www.googletagservices.com/activeview/js/current/rx_lidar.js?cache=r20110914:73:223
m.next@https://www.googletagservices.com/activeview/js/current/rx_lidar.js?cache=r20110914:72:859
m.next@https://www.googletagservices.com/activeview/js/current/rx_lidar.js?cache=r20110914:78:916
m.oh@https://www.googletagservices.com/activeview/js/current/rx_lidar.js?cache=r20110914:80:1883
m.m@https://www.googletagservices.com/activeview/js/current/rx_lidar.js?cache=r20110914:73:223
m.next@https://www.googletagservices.com/activeview/js/current/rx_lidar.js?cache=r20110914:72:859
yf.prototype.m@https://www.googletagservices.com/activeview/js/current/rx_lidar.js?cache=r20110914:116:115
m.next@https://www.googletagservices.com/activeview/js/current/rx_lidar.js?cache=r20110914:72:859
Kc.prototype.m@https://www.googletagservices.com/activeview/js/current/rx_lidar.js?cache=r20110914:85:601
m.next@https://www.googletagservices.com/activeview/js/current/rx_lidar.js?cache=r20110914:72:859
next@https://www.googletagservices.com/activeview/js/current/rx_lidar.js?cache=r20110914:105:352
m.m@https://www.googletagservices.com/activeview/js/current/rx_lidar.js?cache=r20110914:73:223
m.next@https://www.googletagservices.com/activeview/js/current/rx_lidar.js?cache=r20110914:72:859
gl/</h/<@https://www.googletagservices.com/activeview/js/current/rx_lidar.js?cache=r20110914:206:1936
Qa@https://www.googletagservices.com/activeview/js/current/rx_lidar.js?cache=r20110914:44:339
Na.prototype.flush@https://www.googletagservices.com/activeview/js/current/rx_lidar.js?cache=r20110914:44:147
Pa@https://www.googletagservices.com/activeview/js/current/rx_lidar.js?cache=r20110914:43:330
Sj/c/</<@https://www.googletagservices.com/activeview/js/current/rx_lidar.js?cache=r20110914:183:292
m.nd@https://www.googletagservices.com/activeview/js/current/rx_lidar.js?cache=r20110914:75:425
m.next@https://www.googletagservices.com/activeview/js/current/rx_lidar.js?cache=r20110914:74:439
m.m@https://www.googletagservices.com/activeview/js/current/rx_lidar.js?cache=r20110914:73:223
m.next@https://www.googletagservices.com/activeview/js/current/rx_lidar.js?cache=r20110914:72:859
Bj/</</</<@https://www.googletagservices.com/activeview/js/current/rx_lidar.js?cache=r20110914:175:362
zj/<@https://www.googletagservices.com/activeview/js/current/rx_lidar.js?cache=r20110914:174:1013
Ma.prototype.La/<@https://www.googletagservices.com/activeview/js/current/rx_lidar.js?cache=r20110914:43:162
Bj/</</<@https://www.googletagservices.com/activeview/js/current/rx_lidar.js?cache=r20110914:175:371
m.nd@https://www.googletagservices.com/activeview/js/current/rx_lidar.js?cache=r20110914:75:425
m.next@https://www.googletagservices.com/activeview/js/current/rx_lidar.js?cache=r20110914:74:439
m.m@https://www.googletagservices.com/activeview/js/current/rx_lidar.js?cache=r20110914:73:223
m.next@https://www.googletagservices.com/activeview/js/current/rx_lidar.js?cache=r20110914:72:859
Bj/</</</<@https://www.googletagservices.com/activeview/js/current/rx_lidar.js?cache=r20110914:175:362
zj/<@https://www.googletagservices.com/activeview/js/current/rx_lidar.js?cache=r20110914:174:1013
Ma.prototype.La/<@https://www.googletagservices.com/activeview/js/current/rx_lidar.js?cache=r20110914:43:162
Bj/</</<@https://www.googletagservices.com/activeview/js/current/rx_lidar.js?cache=r20110914:175:371
m.nd@https://www.googletagservices.com/activeview/js/current/rx_lidar.js?cache=r20110914:75:425
m.next@https://www.googletagservices.com/activeview/js/current/rx_lidar.js?cache=r20110914:74:439
m.m@https://www.googletagservices.com/activeview/js/current/rx_lidar.js?cache=r20110914:73:223
m.next@https://www.googletagservices.com/activeview/js/current/rx_lidar.js?cache=r20110914:72:859
md/</<@https://www.googletagservices.com/activeview/js/current/rx_lidar.js?cache=r20110914:93:671

JavaScript error: , line 0: NotAllowedError: The play method is not allowed by the user agent or the platform in the current context, possibly because the user denied permission.
JavaScript warning: https://pagead2.googlesyndication.com/bg/QWzZRjgqb53KCPJmDiPDE6lnZUdFGzmO3KDfy6MXCng.js line 2 > eval line 7330 > eval line 1 > eval line 1 > eval, line 1: WEBGL_debug_renderer_info is deprecated in Firefox and will be removed. Please use RENDERER.
JavaScript warning: https://pagead2.googlesyndication.com/bg/cZSlmfR8SDt076FNoYIuLG5p7zquw_7CpDxGN0dSu4o.js line 2 > eval line 2050 > eval line 1 > eval line 1 > eval, line 1: WEBGL_debug_renderer_info is deprecated in Firefox and will be removed. Please use RENDERER.
console.error: "update.locale" " file doesn't exist in either the application or GRE directories"
Exiting due to channel error.
Exiting due to channel error.
Exiting due to channel error.
Exiting due to channel error.
Exiting due to channel error.
Exiting due to channel error.
Exiting due to channel error.
Exiting due to channel error.
Exiting due to channel error.
Exiting due to channel error.
Exiting due to channel error.
Exiting due to channel error.
Exiting due to channel error.
Exiting due to channel error.
Exiting due to channel error.
Exiting due to channel error.
Exiting due to channel error.
Exiting due to channel error.
Exiting due to channel error.
Exiting due to channel error.
Exiting due to channel error.
Exiting due to channel error.
Exiting due to channel error.
Exiting due to channel error.
Exiting due to channel error.
Exiting due to channel error.
Exiting due to channel error.
Exiting due to channel error.
Exiting due to channel error.
Exiting due to channel error.
Exiting due to channel error.
