2023-09-04 01:47:51 - that.girll - wsgg
2023-09-04 01:48:06 - that.girll - .fight zozy5 that.girll
2023-09-04 01:48:07 - that.girll won this fight - check
2023-09-04 01:48:13 - that.girll - ayyyyy thats my guy
2023-09-04 04:21:22 - Its_.me_pop__ - Hello guys
2023-09-04 04:25:28 - Its_.me_pop__ - Soph1717 hey
2023-09-04 04:53:10 - Its_.me_pop__ - Heyyy
2023-09-04 05:37:42 - urluvruby - .cuss
2023-09-04 05:37:43 - phoibe - INFO - urluvruby used a command
2023-09-04 05:37:43 - gadzooks - check
2023-09-04 05:40:42 - Its_.me_pop__ - urluvruby hey
2023-09-04 05:40:49 - system - This message has been deleted
2023-09-04 05:57:02 - aipdhs4 - urluvruby welcome
2023-09-04 05:57:25 - urluvruby - aipdhs4 thxx
2023-09-04 05:57:25 - Gabriel2186 - You are invited to join:
2023-09-04 05:57:40 - aipdhs4 - urluvruby come on this way is time to sleep
2023-09-04 05:57:56 - urluvruby - aipdhs4 huhhhh
2023-09-04 05:58:03 - aipdhs4 - urluvruby sleepppppp
2023-09-04 05:58:14 - urluvruby - aipdhs4 u sleepppp
2023-09-04 05:58:26 - aipdhs4 - urluvruby we sleeppp
2023-09-04 05:58:45 - urluvruby - aipdhs4 nuh just u
2023-09-04 05:58:52 - urluvruby - im leaving again :0
2023-09-04 05:58:58 - aipdhs4 - urluvruby no we're going to sleep
2023-09-04 05:59:02 - aipdhs4 - Aw really?
2023-09-04 05:59:04 - urluvruby - no
2023-09-04 05:59:07 - urluvruby - yess:(
2023-09-04 05:59:11 - aipdhs4 - Alrrrrr
2023-09-04 05:59:15 - aipdhs4 - Bye then
2023-09-04 05:59:27 - aipdhs4 - Gn for me if
2023-09-04 05:59:30 - aipdhs4 - Ig
2023-09-04 05:59:33 - urluvruby - gn
2023-09-04 05:59:46 - aipdhs4 - Gn
2023-09-04 05:59:59 - aipdhs4 - urluvruby btw I have a request pm me
2023-09-04 06:00:45 - urluvruby - aipdhs4 doneee
