2023-09-03 19:02:46 - R_Powell - jkaslfdjk;lf
2023-09-03 19:02:53 - R_Powell - .ping
2023-09-03 19:02:54 - pong - check
2023-09-03 19:02:58 - R_Powell - .drink
2023-09-03 19:02:59 - phoibe - INFO - R_Powell used a command
2023-09-03 19:02:59 - pheebs sends R_Powell Hi-C - check
2023-09-03 19:03:04 - R_Powell - .melike shit
2023-09-03 19:03:05 - liking has been disabled - check
2023-09-03 19:03:09 - R_Powell - ayo
2023-09-03 19:05:57 - R_Powell - Room has been cleared by R_Powell
2023-09-03 19:06:00 - R_Powell - .joke
2023-09-03 19:06:01 - phoibe - INFO - R_Powell used a command
2023-09-03 19:06:01 - Where did joe go after getting lost in the minefield? everywhere - check
2023-09-03 19:15:46 - R_Powell - nope, didnt see you
2023-09-03 19:16:16 - R_Powell - more_horiz
2023-09-03 19:17:12 - R_Powell - it does appear that way lmao
2023-09-03 19:17:41 - R_Powell - maybe
2023-09-03 19:17:49 - R_Powell - they may have also shadow banned your IP
2023-09-03 19:19:15 - R_Powell - alright
2023-09-03 19:19:52 - emerald5959 - wassup
2023-09-03 19:19:59 - emerald5959 - emeraldmasta here
2023-09-03 19:20:13 - emerald5959 - can the bot see these messages
2023-09-03 19:20:50 - R_Powell - it can
2023-09-03 19:23:09 - R_Powell - the bot is now completely open source btw
2023-09-03 19:33:18 - R_Powell - another shadow ban?
2023-09-03 19:34:01 - R_Powell - oh lmao
2023-09-03 19:34:05 - R_Powell - another one
2023-09-03 19:34:10 - R_Powell - smh the bot cant see you
2023-09-03 19:34:34 - R_Powell - good point
2023-09-03 19:35:00 - R_Powell - alright, i'll wait
2023-09-03 19:46:30 - R_Powell - it's giving a notfication of your message and then removing it
2023-09-03 19:48:11 - R_Powell - i wonder how you ticked them off?
2023-09-03 19:48:19 - R_Powell - change browser agent maybe?
2023-09-03 19:50:09 - R_Powell - this is interesting
2023-09-03 19:50:36 - R_Powell - the tennis shoes complete the look lmao
2023-09-03 19:51:24 - R_Powell - i havent gotten a suit in forever
2023-09-03 19:53:49 - R_Powell - you must go to a private/catholic school
2023-09-03 19:54:33 - R_Powell - ohhhh
2023-09-03 19:55:25 - R_Powell - omg, that would be unbearable
2023-09-03 19:56:04 - R_Powell - then again there's like 4 5a schools within an hour drive
2023-09-03 19:56:30 - R_Powell - they let you get your AAS there?
2023-09-03 19:57:28 - R_Powell - applied associates
2023-09-03 19:57:45 - R_Powell - it's a college degree
2023-09-03 19:58:01 - R_Powell - LMAO the log is gonna look like I'm a crazy person
2023-09-03 19:58:23 - R_Powell - oh damn
2023-09-03 19:58:33 - R_Powell - i paid $750 for my A+
2023-09-03 19:58:58 - R_Powell - did you get it?
2023-09-03 19:59:14 - R_Powell - damn, that sucks
2023-09-03 20:00:06 - R_Powell - i failed core 1 the first time i took it
2023-09-03 20:00:19 - R_Powell - passed core 2 by like 4 points
2023-09-03 20:00:20 - R_Powell - no
2023-09-03 20:00:29 - R_Powell - so i had to redo core 1
2023-09-03 20:00:40 - R_Powell - yup lmao
2023-09-03 20:02:00 - R_Powell - i would be so pissed off ngl
2023-09-03 20:02:30 - R_Powell - he prolly failed at it
2023-09-03 20:02:37 - R_Powell - or got babied
2023-09-03 20:02:41 - R_Powell - and then let go
2023-09-03 20:04:26 - R_Powell - im the opposite, im getting my AAS in cybersecurity rn but i have to take scripting classes
2023-09-03 20:05:39 - R_Powell - I already knew tho smh
2023-09-03 20:06:40 - R_Powell - yeah
2023-09-03 20:06:45 - R_Powell - nim ftw
2023-09-03 20:06:53 - R_Powell - im jk, i cant write in nim lmao
2023-09-03 20:07:27 - R_Powell - it's like a new c++
2023-09-03 20:07:36 - R_Powell - you're thinking of go i think
2023-09-03 20:07:39 - Wuhleed - Bro?
2023-09-03 20:07:41 - R_Powell - i barely manage go
2023-09-03 20:07:57 - R_Powell - Wuhleed there's another person istg
2023-09-03 20:08:12 - R_Powell - never touched java
2023-09-03 20:08:36 - R_Powell - i know, fireship has told me to steer WAY clear lmao
2023-09-03 20:09:45 - R_Powell - i tried rust a while back, and im waiting on my new laptop to try it again
2023-09-03 20:10:26 - R_Powell - you use that to install packages, right?
2023-09-03 20:10:39 - R_Powell - yeah
2023-09-03 20:11:03 - R_Powell - does it give you shitty errors about venvs like pip?
2023-09-03 20:11:26 - R_Powell - damn
2023-09-03 20:11:34 - R_Powell - i wonder if there's a selenium package
2023-09-03 20:12:29 - R_Powell - there is
2023-09-03 20:12:32 - R_Powell - it's just bad
2023-09-03 20:13:09 - R_Powell - maybe i'll rewrite the bot in go for shits and giggles
2023-09-03 20:13:35 - R_Powell - damn
2023-09-03 20:13:42 - R_Powell - the one i looked at was not that
2023-09-03 20:14:20 - R_Powell - damn
2023-09-03 20:14:34 - R_Powell - maybe i'll get some of that sweet statically typed action
2023-09-03 20:15:28 - R_Powell - the bot has problems with memory leaks because it never closes the selenium loop
2023-09-03 20:16:01 - R_Powell - maybe i'll do it in go instead
2023-09-03 20:17:18 - R_Powell - the problem is mostly the settings file
2023-09-03 20:17:30 - aipdhs4 - Everything alright?
2023-09-03 20:17:31 - aipdhs4 - Lol
2023-09-03 20:17:46 - R_Powell - there's another person lmao
2023-09-03 20:17:47 - R_Powell - https://github.com/teenchatbot/phoibe/blob/nightly/json-files/settings.json
2023-09-03 20:17:54 - R_Powell - which looks like this in nightly
2023-09-03 20:18:45 - aipdhs4 - You fr using c++ to make a bot?
2023-09-03 20:18:57 - R_Powell - no, python
2023-09-03 20:19:11 - aipdhs4 - Nice
2023-09-03 20:19:13 - aipdhs4 - Lol
2023-09-03 20:19:33 - R_Powell - lmao, c++ to make phoibe would be masochistic
2023-09-03 20:19:53 - aipdhs4 - I know
2023-09-03 20:20:04 - R_Powell - c++ has it's place for sure
2023-09-03 20:20:09 - aipdhs4 - And probably wouldn't work correctly
2023-09-03 20:20:10 - R_Powell - ahem, linux kernel, ahem
2023-09-03 20:20:27 - R_Powell - i know lmao
2023-09-03 20:21:22 - R_Powell - he probably can't see you
2023-09-03 20:22:15 - Soph1717 - what in the bloody hell r u guys saying
2023-09-03 20:22:33 - R_Powell - Soph1717 programming shit
2023-09-03 20:22:40 - Soph1717 - oh
2023-09-03 20:22:54 - R_Powell - what i was saying was, i cant get json to work properly in go
2023-09-03 20:22:57 - Soph1717 - I’m gonna pretend I understand it
2023-09-03 20:23:03 - Soph1717 - oh no
2023-09-03 20:23:04 - R_Powell - Soph1717 one of the people is shadowbanned
2023-09-03 20:23:14 - usedbunny - hi hi
2023-09-03 20:23:15 - Soph1717 - idk what that means
2023-09-03 20:23:37 - R_Powell - usedbunny yo
2023-09-03 20:23:46 - R_Powell - https://github.com/teenchatbot/phoibe/blob/nightly/json-files/settings.json
2023-09-03 20:23:50 - R_Powell - Soph1717 that is json
2023-09-03 20:24:08 - Soph1717 - I have no idea what’s going on
2023-09-03 20:24:11 - Soph1717 - im rly trying
2023-09-03 20:24:15 - Soph1717 - but idk what ur saying
2023-09-03 20:24:19 - R_Powell - emerald5959 i wonder what caused you to get shadowbanned?
2023-09-03 20:24:44 - R_Powell - Soph1717 that's ok lol
2023-09-03 20:24:54 - Soph1717 - 😭🔫
2023-09-03 22:48:45 - R_Powell - .drink
2023-09-03 22:48:46 - phoibe - INFO - R_Powell used a command
2023-09-03 22:48:46 - pheebs sends R_Powell Sprite - check
2023-09-03 23:51:19 - R_Powell - .drink
2023-09-03 23:51:19 - phoibe - INFO - R_Powell used a command
2023-09-03 23:51:20 - pheebs sends R_Powell Pepsi - check
