2024-04-02 13:55:58 - chimessss - hola
2024-04-02 13:56:03 - Yoyo16_ - Felicia sounds like a harry potter character lara_visit
2024-04-02 13:56:07 - WhyBorn - My fault
2024-04-02 13:56:15 - R_Powell - lara_visit 1 hour
2024-04-02 13:56:21 - lara_visit - R_Powell Huh
2024-04-02 13:56:24 - lara_visit - Yoyo16_ true
2024-04-02 13:56:27 - lara_visit - WhyBorn nuhh is okay
2024-04-02 13:56:32 - Yoyo16_ - HA CAUGHT U IN THE ACT LARA
2024-04-02 13:56:34 - R_Powell - lara_visit it's staying for one hour
2024-04-02 13:56:36 - R_Powell - .drink
2024-04-02 13:56:37 - phoibe - INFO - R_Powell used a command
2024-04-02 13:56:37 - chimessss - pheebs sends R_Powell Fanta
2024-04-02 13:56:39 - Yoyo16_ - WORLD DOMINION
2024-04-02 13:56:43 - Yoyo16_ - Oh
2024-04-02 13:56:54 - R_Powell - fuck, it got shadowbanned
2024-04-02 15:35:57 - chimessss - hola
2024-04-02 15:45:25 - chimessss - hi there
2024-04-02 15:45:37 - FittolderM - chimessss hi
2024-04-02 15:45:38 - NiniC2009 - Johanna15846 ohhhh
2024-04-02 15:45:41 - NiniC2009 - Auren_Ghost hey…
2024-04-02 15:45:43 - UndeadCleric - Hello chimessss
2024-04-02 15:47:10 - chimessss - hello
2024-04-02 15:47:19 - R_Powell - .ban
2024-04-02 15:48:28 - chimessss - hello
2024-04-02 15:48:33 - R_Powell - .ban
2024-04-02 15:50:31 - chimessss - hello
2024-04-02 15:50:35 - R_Powell - .ban
2024-04-02 15:50:42 - R_Powell - test
2024-04-02 15:51:18 - chimessss - hi there
2024-04-02 15:51:22 - R_Powell - .ban
2024-04-02 15:51:48 - chimessss - hello
2024-04-02 15:51:51 - R_Powell - .ban
2024-04-02 15:52:01 - R_Powell - teest
2024-04-02 15:54:33 - chimessss - hola
2024-04-02 15:54:36 - R_Powell - .ban
2024-04-02 15:56:58 - chimessss - hello
2024-04-02 15:57:00 - R_Powell - .ban
2024-04-02 15:58:34 - chimessss - hola
2024-04-02 15:58:36 - R_Powell - .ban
2024-04-02 16:00:36 - chimessss - hello
2024-04-02 16:00:36 - chimessss - (No Message)
2024-04-02 16:00:36 - chimessss - hello
2024-04-02 16:00:43 - R_Powell - .ban
2024-04-02 16:03:48 - chimessss - hi there
2024-04-02 16:03:52 - R_Powell - .ban
2024-04-02 16:05:49 - chimessss - hola
2024-04-02 16:05:56 - R_Powell - .ban
2024-04-02 16:09:59 - chimessss - hi there
2024-04-02 16:10:03 - R_Powell - .ban
2024-04-02 16:10:49 - chimessss - hi there
2024-04-02 16:10:54 - R_Powell - .ban
2024-04-02 16:11:23 - chimessss - hi there
2024-04-02 16:11:29 - R_Powell - .ban
2024-04-02 16:13:17 - chimessss - hola
2024-04-02 16:13:21 - R_Powell - .ban
2024-04-02 16:14:42 - chimessss - hi there
2024-04-02 16:14:46 - R_Powell - .ban
2024-04-02 16:16:06 - chimessss - hola
2024-04-02 16:16:10 - R_Powell - .ban
2024-04-02 16:16:45 - chimessss - hello
2024-04-02 16:16:51 - R_Powell - .ban
2024-04-02 16:18:16 - chimessss - hola
2024-04-02 16:18:19 - R_Powell - .ban
2024-04-02 16:18:56 - chimessss - hi there
2024-04-02 16:19:00 - R_Powell - .ban
2024-04-02 16:19:34 - chimessss - hola
2024-04-02 16:19:36 - R_Powell - .ban
2024-04-02 16:21:35 - chimessss - hola
2024-04-02 16:21:38 - R_Powell - .ban
2024-04-02 16:22:20 - chimessss - hello
2024-04-02 16:22:23 - R_Powell - .ban
2024-04-02 16:23:11 - chimessss - hello
2024-04-02 16:23:13 - R_Powell - .ban
2024-04-02 16:24:27 - chimessss - hello
2024-04-02 16:24:29 - R_Powell - .ban
2024-04-02 16:25:29 - chimessss - hello
2024-04-02 16:25:33 - R_Powell - .ban
2024-04-02 16:27:00 - chimessss - hi there
2024-04-02 16:27:09 - R_Powell - .ban
2024-04-02 16:27:39 - chimessss - hola
2024-04-02 16:27:43 - R_Powell - .ban
2024-04-02 16:30:12 - chimessss - hi there
2024-04-02 16:30:17 - R_Powell - .ban
2024-04-02 16:30:56 - chimessss - hola
2024-04-02 16:31:00 - R_Powell - .ban
2024-04-02 16:31:32 - chimessss - hi there
2024-04-02 16:31:35 - R_Powell - .ban
2024-04-02 16:32:22 - chimessss - hola
2024-04-02 16:32:24 - R_Powell - .ban
2024-04-02 16:33:47 - chimessss - hello
2024-04-02 16:33:50 - R_Powell - .ban
2024-04-02 16:34:54 - chimessss - hola
2024-04-02 16:34:59 - R_Powell - .ban
2024-04-02 16:40:31 - chimessss - hola
2024-04-02 16:40:36 - R_Powell - .ban
2024-04-02 16:41:27 - chimessss - hola
2024-04-02 16:41:31 - R_Powell - .ban
2024-04-02 16:44:49 - chimessss - hello
2024-04-02 16:45:00 - R_Powell - .ban
2024-04-02 16:45:58 - chimessss - hi there
2024-04-02 16:46:03 - R_Powell - .ban
2024-04-02 16:46:52 - chimessss - hello
2024-04-02 16:46:55 - R_Powell - .ban
2024-04-02 16:47:33 - chimessss - hello
2024-04-02 16:47:39 - R_Powell - .ban
2024-04-02 16:48:46 - chimessss - hola
2024-04-02 16:48:50 - R_Powell - .ban
2024-04-02 16:50:22 - chimessss - hello
2024-04-02 16:50:28 - R_Powell - .ban
2024-04-02 16:50:56 - chimessss - hello
2024-04-02 16:51:00 - R_Powell - .ban
2024-04-02 16:52:12 - chimessss - hi there
2024-04-02 16:52:15 - R_Powell - .ban
2024-04-02 16:52:39 - chimessss - hi there
2024-04-02 16:52:42 - R_Powell - .ban
2024-04-02 16:56:06 - chimessss - hi there
2024-04-02 16:56:09 - R_Powell - .ban
2024-04-02 16:57:47 - chimessss - hola
2024-04-02 16:57:52 - R_Powell - .ban
2024-04-02 16:58:42 - chimessss - hello
2024-04-02 16:58:44 - lara_visit - Why u keep saying
2024-04-02 16:58:46 - R_Powell - .ban
2024-04-02 17:04:15 - chimessss - hola
2024-04-02 17:04:22 - R_Powell - .ban
2024-04-02 17:05:23 - chimessss - hola
2024-04-02 17:05:29 - R_Powell - .ban
2024-04-02 17:07:43 - chimessss - hola
2024-04-02 17:07:55 - R_Powell - .ban
2024-04-02 17:09:57 - chimessss - hello
2024-04-02 17:10:00 - R_Powell - .ban
2024-04-02 17:10:52 - chimessss - hola
2024-04-02 17:10:58 - R_Powell - .ban
2024-04-02 17:11:31 - chimessss - hola
2024-04-02 17:11:34 - R_Powell - .ban
2024-04-02 17:15:11 - chimessss - hello
2024-04-02 17:15:15 - R_Powell - .ban foo
2024-04-02 17:16:43 - chimessss - hello
2024-04-02 17:16:47 - R_Powell - .ban foo
2024-04-02 17:17:54 - chimessss - hola
2024-04-02 17:17:58 - R_Powell - .ban foo
2024-04-02 17:21:02 - chimessss - hello
2024-04-02 17:21:05 - R_Powell - .ban foo
2024-04-02 17:23:40 - chimessss - hello
2024-04-02 17:23:44 - R_Powell - .ban foo
2024-04-02 17:26:06 - chimessss - hello
2024-04-02 17:26:16 - R_Powell - .ban ant_93
2024-04-02 17:27:19 - chimessss - hello
2024-04-02 17:27:25 - R_Powell - .ban foo
2024-04-02 17:29:04 - chimessss - hi there
2024-04-02 17:29:05 - R_Powell - .ban foo
2024-04-02 17:31:26 - chimessss - hi there
2024-04-02 17:31:29 - R_Powell - .ban foo
2024-04-02 17:33:07 - chimessss - hola
2024-04-02 17:33:11 - R_Powell - .ban foo
2024-04-02 17:35:11 - chimessss - hola
2024-04-02 17:35:19 - R_Powell - .ban foo
2024-04-02 17:36:12 - chimessss - hello
2024-04-02 17:36:15 - R_Powell - .ban foo
2024-04-02 17:37:34 - chimessss - hola
2024-04-02 17:37:38 - R_Powell - .ban foo
2024-04-02 17:39:17 - chimessss - hi there
2024-04-02 17:39:21 - R_Powell - .ban foo
2024-04-02 17:40:01 - chimessss - hola
2024-04-02 17:40:04 - R_Powell - .ban foo
2024-04-02 17:41:22 - chimessss - hola
2024-04-02 17:41:27 - R_Powell - .ban foo
2024-04-02 17:43:13 - chimessss - hello
2024-04-02 17:43:17 - R_Powell - .ban foo
2024-04-02 17:44:24 - chimessss - hola
2024-04-02 17:44:28 - R_Powell - .ban foo
2024-04-02 17:45:45 - chimessss - hola
2024-04-02 17:45:48 - R_Powell - .ban foo
2024-04-02 17:46:43 - chimessss - hello
2024-04-02 17:46:48 - R_Powell - .ban foo
2024-04-02 17:47:09 - chimessss - hola
2024-04-02 17:47:11 - R_Powell - .ban foo
2024-04-02 17:47:56 - chimessss - hi there
2024-04-02 17:48:01 - R_Powell - .ban foo
2024-04-02 17:49:44 - chimessss - hola
2024-04-02 17:49:47 - R_Powell - .ban
2024-04-02 17:50:12 - chimessss - hi there
2024-04-02 17:50:18 - R_Powell - .ban foo
2024-04-02 17:51:02 - chimessss - hello
2024-04-02 17:51:05 - R_Powell - .ban foo
2024-04-02 17:51:52 - chimessss - hi there
2024-04-02 17:51:54 - R_Powell - .ban foo
2024-04-02 17:54:02 - chimessss - hello
2024-04-02 17:54:04 - R_Powell - .ban foo
2024-04-02 18:04:56 - chimessss - hola
2024-04-02 18:05:00 - R_Powell - .ban foo
2024-04-02 18:05:01 - chimessss - you naughty boy you
2024-04-02 18:05:30 - chimessss - .ban foo
2024-04-02 18:05:31 - chimessss - you naughty boy you
2024-04-02 18:05:39 - R_Powell - .ban foo
2024-04-02 18:05:40 - system - foo has been banned ~ chimessss
2024-04-02 18:07:34 - chimessss - hi there
2024-04-02 18:07:37 - R_Powell - .ban foo
2024-04-02 18:07:38 - system - foo has been banned ~ chimessss
2024-04-02 18:17:39 - chimessss - hi there
2024-04-02 18:17:45 - R_Powell - .ban foo
2024-04-02 18:18:54 - chimessss - hello
2024-04-02 18:19:03 - R_Powell - .ban foo
2024-04-02 18:19:36 - chimessss - hola
2024-04-02 18:19:41 - R_Powell - .ban foo
2024-04-02 18:20:56 - chimessss - hi there
2024-04-02 18:20:59 - R_Powell - .ban foo
2024-04-02 18:21:30 - chimessss - hello
2024-04-02 18:21:34 - R_Powell - .ban foo
2024-04-02 18:22:58 - chimessss - hello
2024-04-02 18:23:02 - R_Powell - and so I'm trying new things and testing it
2024-04-02 18:23:04 - lara_visit - and wtf is ban foo
2024-04-02 18:23:06 - R_Powell - .ban foo
2024-04-02 18:25:39 - chimessss - hello
2024-04-02 18:25:46 - R_Powell - .ban foo
2024-04-02 18:27:59 - chimessss - hola
2024-04-02 18:28:02 - R_Powell - .ban foo
2024-04-02 18:29:51 - chimessss - hola
2024-04-02 18:29:56 - R_Powell - .ban foo
2024-04-02 18:30:54 - chimessss - hola
2024-04-02 18:30:58 - R_Powell - .ban foo
2024-04-02 18:32:37 - chimessss - hi there
2024-04-02 18:33:01 - chimessss - hi there
2024-04-02 18:33:13 - R_Powell - .ban foo
2024-04-02 18:35:00 - chimessss - hi there
2024-04-02 18:35:06 - R_Powell - .ban foo
2024-04-02 18:35:48 - chimessss - hola
2024-04-02 18:35:52 - R_Powell - .ban foo
2024-04-02 18:35:56 - system - foo has been banned ~ chimessss
